{"total": {"lines":{"total":827,"covered":337,"skipped":0,"pct":40.74},"statements":{"total":827,"covered":337,"skipped":0,"pct":40.74},"functions":{"total":27,"covered":3,"skipped":0,"pct":11.11},"branches":{"total":18,"covered":6,"skipped":0,"pct":33.33},"branchesTrue":{"total":0,"covered":0,"skipped":0,"pct":100}}
,"/home/ikalsama/Documents/projects/acquisitions/src/app.js": {"lines":{"total":53,"covered":50,"skipped":0,"pct":94.33},"functions":{"total":1,"covered":1,"skipped":0,"pct":100},"statements":{"total":53,"covered":50,"skipped":0,"pct":94.33},"branches":{"total":4,"covered":4,"skipped":0,"pct":100}}
,"/home/ikalsama/Documents/projects/acquisitions/src/config/arcjet.js": {"lines":{"total":29,"covered":29,"skipped":0,"pct":100},"functions":{"total":0,"covered":0,"skipped":0,"pct":100},"statements":{"total":29,"covered":29,"skipped":0,"pct":100},"branches":{"total":0,"covered":0,"skipped":0,"pct":100}}
,"/home/ikalsama/Documents/projects/acquisitions/src/config/database.js": {"lines":{"total":20,"covered":12,"skipped":0,"pct":60},"functions":{"total":0,"covered":0,"skipped":0,"pct":100},"statements":{"total":20,"covered":12,"skipped":0,"pct":60},"branches":{"total":1,"covered":0,"skipped":0,"pct":0}}
,"/home/ikalsama/Documents/projects/acquisitions/src/config/logger.js": {"lines":{"total":28,"covered":28,"skipped":0,"pct":100},"functions":{"total":0,"covered":0,"skipped":0,"pct":100},"statements":{"total":28,"covered":28,"skipped":0,"pct":100},"branches":{"total":1,"covered":0,"skipped":0,"pct":0}}
,"/home/ikalsama/Documents/projects/acquisitions/src/controllers/auth.controller.js": {"lines":{"total":107,"covered":12,"skipped":0,"pct":11.21},"functions":{"total":3,"covered":0,"skipped":0,"pct":0},"statements":{"total":107,"covered":12,"skipped":0,"pct":11.21},"branches":{"total":0,"covered":0,"skipped":0,"pct":100}}
,"/home/ikalsama/Documents/projects/acquisitions/src/controllers/users.controller.js": {"lines":{"total":147,"covered":20,"skipped":0,"pct":13.6},"functions":{"total":4,"covered":0,"skipped":0,"pct":0},"statements":{"total":147,"covered":20,"skipped":0,"pct":13.6},"branches":{"total":0,"covered":0,"skipped":0,"pct":100}}
,"/home/ikalsama/Documents/projects/acquisitions/src/middleware/auth.middleware.js": {"lines":{"total":27,"covered":6,"skipped":0,"pct":22.22},"functions":{"total":1,"covered":0,"skipped":0,"pct":0},"statements":{"total":27,"covered":6,"skipped":0,"pct":22.22},"branches":{"total":0,"covered":0,"skipped":0,"pct":100}}
,"/home/ikalsama/Documents/projects/acquisitions/src/middleware/role.middleware.js": {"lines":{"total":26,"covered":10,"skipped":0,"pct":38.46},"functions":{"total":1,"covered":1,"skipped":0,"pct":100},"statements":{"total":26,"covered":10,"skipped":0,"pct":38.46},"branches":{"total":1,"covered":1,"skipped":0,"pct":100}}
,"/home/ikalsama/Documents/projects/acquisitions/src/middleware/security.middleware.js": {"lines":{"total":84,"covered":40,"skipped":0,"pct":47.61},"functions":{"total":1,"covered":1,"skipped":0,"pct":100},"statements":{"total":84,"covered":40,"skipped":0,"pct":47.61},"branches":{"total":11,"covered":1,"skipped":0,"pct":9.09}}
,"/home/ikalsama/Documents/projects/acquisitions/src/models/user.model.js": {"lines":{"total":11,"covered":11,"skipped":0,"pct":100},"functions":{"total":0,"covered":0,"skipped":0,"pct":100},"statements":{"total":11,"covered":11,"skipped":0,"pct":100},"branches":{"total":0,"covered":0,"skipped":0,"pct":100}}
,"/home/ikalsama/Documents/projects/acquisitions/src/routes/auth.route.js": {"lines":{"total":12,"covered":12,"skipped":0,"pct":100},"functions":{"total":0,"covered":0,"skipped":0,"pct":100},"statements":{"total":12,"covered":12,"skipped":0,"pct":100},"branches":{"total":0,"covered":0,"skipped":0,"pct":100}}
,"/home/ikalsama/Documents/projects/acquisitions/src/routes/users.route.js": {"lines":{"total":18,"covered":18,"skipped":0,"pct":100},"functions":{"total":0,"covered":0,"skipped":0,"pct":100},"statements":{"total":18,"covered":18,"skipped":0,"pct":100},"branches":{"total":0,"covered":0,"skipped":0,"pct":100}}
,"/home/ikalsama/Documents/projects/acquisitions/src/services/auth.service.js": {"lines":{"total":85,"covered":13,"skipped":0,"pct":15.29},"functions":{"total":4,"covered":0,"skipped":0,"pct":0},"statements":{"total":85,"covered":13,"skipped":0,"pct":15.29},"branches":{"total":0,"covered":0,"skipped":0,"pct":100}}
,"/home/ikalsama/Documents/projects/acquisitions/src/services/users.service.js": {"lines":{"total":96,"covered":22,"skipped":0,"pct":22.91},"functions":{"total":4,"covered":0,"skipped":0,"pct":0},"statements":{"total":96,"covered":22,"skipped":0,"pct":22.91},"branches":{"total":0,"covered":0,"skipped":0,"pct":100}}
,"/home/ikalsama/Documents/projects/acquisitions/src/utils/cookies.js": {"lines":{"total":20,"covered":12,"skipped":0,"pct":60},"functions":{"total":4,"covered":0,"skipped":0,"pct":0},"statements":{"total":20,"covered":12,"skipped":0,"pct":60},"branches":{"total":0,"covered":0,"skipped":0,"pct":100}}
,"/home/ikalsama/Documents/projects/acquisitions/src/utils/format.js": {"lines":{"total":8,"covered":1,"skipped":0,"pct":12.5},"functions":{"total":1,"covered":0,"skipped":0,"pct":0},"statements":{"total":8,"covered":1,"skipped":0,"pct":12.5},"branches":{"total":0,"covered":0,"skipped":0,"pct":100}}
,"/home/ikalsama/Documents/projects/acquisitions/src/utils/jwt.js": {"lines":{"total":27,"covered":12,"skipped":0,"pct":44.44},"functions":{"total":2,"covered":0,"skipped":0,"pct":0},"statements":{"total":27,"covered":12,"skipped":0,"pct":44.44},"branches":{"total":0,"covered":0,"skipped":0,"pct":100}}
,"/home/ikalsama/Documents/projects/acquisitions/src/validations/auth.validation.js": {"lines":{"total":13,"covered":13,"skipped":0,"pct":100},"functions":{"total":0,"covered":0,"skipped":0,"pct":100},"statements":{"total":13,"covered":13,"skipped":0,"pct":100},"branches":{"total":0,"covered":0,"skipped":0,"pct":100}}
,"/home/ikalsama/Documents/projects/acquisitions/src/validations/users.validation.js": {"lines":{"total":16,"covered":16,"skipped":0,"pct":100},"functions":{"total":1,"covered":0,"skipped":0,"pct":0},"statements":{"total":16,"covered":16,"skipped":0,"pct":100},"branches":{"total":0,"covered":0,"skipped":0,"pct":100}}
}
